>>> Starting Agent Boot Sequence...
[1/6] Checking User Account               [OK]
   ... Running as service user 'codyssey' (uid=1000)
[2/6] Verifying Environment Variables     [OK]
   ... All required Envs correct
[3/6] Checking Required Files             [OK]
   ... Verified 'secret.key' with correct key string.
[4/6] Checking Port Availability          [OK]
   ... Port 15034 is available.
[5/6] Verifying Log Permission            [OK]
   ... Log directory is writable: /home/codyssey/agent/logs
[6/6] Verifying Mission Environment       [OK]
   ... MEMORY_LIMIT=512MB, CPU_MAX_OCCUPY=100%, MULTI_THREAD_ENABLE=True
------------------------------------------------------------
All Boot Checks Passed!
Agent READY
2026-06-11 13:40:37,587 [INFO] [SafetyGuard] Process priority lowered (nice=10).
2026-06-11 13:40:37,588 [INFO] Agent listening at port 15034

==================================================
 [ Agent Initiate ] Resource Check 
==================================================
 [ MEMORY ] Limit: 512MB 		[ OK ]
 [ CPU    ] Limit: 100%  		[ WARNING: Recommend Under 50% ]
 [ THREAD ] Concurrency: True 		[ WARNING ]
--------------------------------------------------
 >>> SYSTEM WARNING: POTENTIAL DEADLOCK IN CONCURRENT MODE.
==================================================

2026-06-11 13:40:39,598 [INFO] [CpuWorker] Started. Maximum CPU Limit: 100%
2026-06-11 13:40:39,598 [INFO] [CpuWorker] Current Load: 5.00%
2026-06-11 13:40:42,719 [INFO] [CpuWorker] Current Load: 13.74%
2026-06-11 13:40:45,836 [INFO] [CpuWorker] Current Load: 17.54%
2026-06-11 13:40:48,953 [INFO] [CpuWorker] Current Load: 17.77%
2026-06-11 13:40:52,069 [INFO] [CpuWorker] Current Load: 25.64%
2026-06-11 13:40:55,183 [INFO] [CpuWorker] Current Load: 29.88%
2026-06-11 13:40:58,294 [INFO] [CpuWorker] Current Load: 39.08%
2026-06-11 13:41:01,409 [INFO] [CpuWorker] Current Load: 45.24%
2026-06-11 13:41:04,523 [INFO] [CpuWorker] Current Load: 47.18%
2026-06-11 13:41:07,641 [INFO] [CpuWorker] Current Load: 49.91%
2026-06-11 13:41:10,758 [INFO] [CpuWorker] Current Load: 50.05%
2026-06-11 13:41:10,860 [CRITICAL] [CpuWorker] CPU Threshold Violated! (50.04999999999999%).
