>>> Starting Agent Boot Sequence...
[1/6] Checking User Account               [OK]
   ... Running as service user 'codyssey' (uid=1000)
[2/6] Verifying Environment Variables     [OK]
   ... All required Envs correct
[3/6] Checking Required Files             [OK]
   ... Verified 'secret.key' with correct key string.
[4/6] Checking Port Availability          [OK]
   ... Port 15034 is available.
[5/6] Verifying Log Permission            [OK]
   ... Log directory is writable: /home/codyssey/agent/logs
[6/6] Verifying Mission Environment       [OK]
   ... MEMORY_LIMIT=256MB, CPU_MAX_OCCUPY=80%, MULTI_THREAD_ENABLE=True
------------------------------------------------------------
All Boot Checks Passed!
Agent READY
2026-06-11 13:36:04,206 [INFO] [SafetyGuard] Process priority lowered (nice=10).
2026-06-11 13:36:04,206 [INFO] Agent listening at port 15034

==================================================
 [ Agent Initiate ] Resource Check 
==================================================
 [ MEMORY ] Limit: 256MB 		[ WARNING: Recommend Over 256MB ]
 [ CPU    ] Limit: 80%  		[ WARNING: Recommend Under 50% ]
 [ THREAD ] Concurrency: True 		[ WARNING ]
--------------------------------------------------
 >>> SYSTEM WARNING: POTENTIAL DEADLOCK IN CONCURRENT MODE.
==================================================

2026-06-11 13:36:06,246 [INFO] [MemoryWorker] Current Heap: 25MB
2026-06-11 13:36:09,290 [INFO] [MemoryWorker] Current Heap: 50MB
2026-06-11 13:36:12,330 [INFO] [MemoryWorker] Current Heap: 75MB
2026-06-11 13:36:15,373 [INFO] [MemoryWorker] Current Heap: 100MB
2026-06-11 13:36:18,415 [INFO] [MemoryWorker] Current Heap: 125MB
2026-06-11 13:36:21,458 [INFO] [MemoryWorker] Current Heap: 150MB
2026-06-11 13:36:24,500 [INFO] [MemoryWorker] Current Heap: 175MB
2026-06-11 13:36:27,540 [INFO] [MemoryWorker] Current Heap: 200MB
2026-06-11 13:36:30,583 [INFO] [MemoryWorker] Current Heap: 225MB
2026-06-11 13:36:33,599 [INFO] [MemoryWorker] Current Heap: 250MB
2026-06-11 13:36:36,636 [INFO] [MemoryWorker] Current Heap: 275MB
2026-06-11 13:36:36,636 [CRITICAL] [MemoryGuard] Memory limit exceeded (275MB >= 256MB) / (Recommend Over 256MB)
2026-06-11 13:36:36,636 [CRITICAL] [MemoryGuard] Self-terminating process 225 to prevent system instability.
