>>> Starting Agent Boot Sequence...
[1/6] Checking User Account               [OK]
   ... Running as service user 'codyssey' (uid=1000)
[2/6] Verifying Environment Variables     [OK]
   ... All required Envs correct
[3/6] Checking Required Files             [OK]
   ... Verified 'secret.key' with correct key string.
[4/6] Checking Port Availability          [OK]
   ... Port 15034 is available.
[5/6] Verifying Log Permission            [OK]
   ... Log directory is writable: /home/codyssey/agent/logs
[6/6] Verifying Mission Environment       [OK]
   ... MEMORY_LIMIT=512MB, CPU_MAX_OCCUPY=80%, MULTI_THREAD_ENABLE=True
------------------------------------------------------------
All Boot Checks Passed!
Agent READY
2026-06-11 13:36:51,518 [INFO] [SafetyGuard] Process priority lowered (nice=10).
2026-06-11 13:36:51,518 [INFO] Agent listening at port 15034

==================================================
 [ Agent Initiate ] Resource Check 
==================================================
 [ MEMORY ] Limit: 512MB 		[ OK ]
 [ CPU    ] Limit: 80%  		[ WARNING: Recommend Under 50% ]
 [ THREAD ] Concurrency: True 		[ WARNING ]
--------------------------------------------------
 >>> SYSTEM WARNING: POTENTIAL DEADLOCK IN CONCURRENT MODE.
==================================================

2026-06-11 13:36:53,530 [INFO] [CpuWorker] Started. Maximum CPU Limit: 80%
2026-06-11 13:36:53,530 [INFO] [CpuWorker] Current Load: 5.00%
2026-06-11 13:36:56,647 [INFO] [CpuWorker] Current Load: 6.67%
2026-06-11 13:36:59,764 [INFO] [CpuWorker] Current Load: 11.70%
2026-06-11 13:37:02,880 [INFO] [CpuWorker] Current Load: 19.70%
2026-06-11 13:37:05,995 [INFO] [CpuWorker] Current Load: 29.42%
2026-06-11 13:37:09,107 [INFO] [CpuWorker] Current Load: 34.00%
2026-06-11 13:37:12,220 [INFO] [CpuWorker] Current Load: 34.81%
2026-06-11 13:37:15,385 [INFO] [CpuWorker] Current Load: 41.57%
2026-06-11 13:37:18,498 [INFO] [CpuWorker] Current Load: 47.00%
2026-06-11 13:37:21,616 [INFO] [CpuWorker] Current Load: 54.10%
2026-06-11 13:37:21,717 [CRITICAL] [CpuWorker] CPU Threshold Violated! (54.1%).
