>>> Starting Agent Boot Sequence...
[1/6] Checking User Account               [OK]
   ... Running as service user 'codyssey' (uid=1000)
[2/6] Verifying Environment Variables     [OK]
   ... All required Envs correct
[3/6] Checking Required Files             [OK]
   ... Verified 'secret.key' with correct key string.
[4/6] Checking Port Availability          [OK]
   ... Port 15034 is available.
[5/6] Verifying Log Permission            [OK]
   ... Log directory is writable: /home/codyssey/agent/logs
[6/6] Verifying Mission Environment       [OK]
   ... MEMORY_LIMIT=512MB, CPU_MAX_OCCUPY=100%, MULTI_THREAD_ENABLE=False
------------------------------------------------------------
All Boot Checks Passed!
Agent READY
2026-06-11 13:58:17,493 [INFO] [SafetyGuard] Process priority lowered (nice=10).
2026-06-11 13:58:17,494 [INFO] Agent listening at port 15034

==================================================
 [ Agent Initiate ] Resource Check 
==================================================
 [ MEMORY ] Limit: 512MB 		[ OK ]
 [ CPU    ] Limit: 100%  		[ WARNING: Recommend Under 50% ]
 [ THREAD ] Concurrency: False 		[ OK ]
--------------------------------------------------
 >>> SYSTEM STATUS: STABLE. STARTING WORKLOAD MONITORING...
==================================================

2026-06-11 13:58:19,511 [INFO] [CpuWorker] Started. Maximum CPU Limit: 100%
2026-06-11 13:58:19,512 [INFO] [CpuWorker] Current Load: 5.00%
2026-06-11 13:58:22,629 [INFO] [CpuWorker] Current Load: 10.70%
2026-06-11 13:58:25,744 [INFO] [CpuWorker] Current Load: 18.44%
2026-06-11 13:58:28,859 [INFO] [CpuWorker] Current Load: 26.81%
2026-06-11 13:58:31,974 [INFO] [CpuWorker] Current Load: 30.24%
2026-06-11 13:58:35,088 [INFO] [CpuWorker] Current Load: 32.10%
2026-06-11 13:58:38,200 [INFO] [CpuWorker] Current Load: 37.17%
2026-06-11 13:58:41,310 [INFO] [CpuWorker] Current Load: 41.20%
2026-06-11 13:58:44,423 [INFO] [CpuWorker] Current Load: 43.09%
2026-06-11 13:58:47,539 [INFO] [CpuWorker] Current Load: 46.39%
2026-06-11 13:58:50,780 [INFO] [CpuWorker] Current Load: 49.68%
2026-06-11 13:58:53,895 [INFO] [CpuWorker] Current Load: 59.60%
2026-06-11 13:58:53,996 [CRITICAL] [CpuWorker] CPU Threshold Violated! (59.599999999999994%).
